2025-05-11 21:34:22,536 - INFO - Loading cookies from previous session...
2025-05-11 21:34:25,902 - INFO - Scraping page 1: https://www.naukri.com/data-analyst-jobs-1?k=data%20analyst&experience=3&cityTypeGid=9508
2025-05-11 21:34:35,794 - INFO - Cookies saved for future sessions.
2025-05-11 21:34:35,815 - WARNING - CAPTCHA or login page detected. Saving page source as 'captcha_page.html'.
2025-05-11 21:34:35,816 - ERROR - Error during scraping: Blocked by CAPTCHA or login. Check 'captcha_page.html'.
2025-05-11 21:34:35,816 - INFO - Suggestions:
2025-05-11 21:34:35,817 - INFO - - If CAPTCHA/login detected, open 'captcha_page.html' in a browser, solve it, then rerun the script.
2025-05-11 21:34:35,817 - INFO - - Wait 24 hours or use a different network (e.g., mobile hotspot).
2025-05-11 21:34:35,817 - INFO - - If no jobs found, check 'page_source.html' to verify the URL returns job listings.
2025-05-11 21:34:37,949 - INFO - WebDriver closed.
2025-05-11 21:34:37,951 - INFO - Total jobs scraped: 0
2025-05-11 21:35:27,970 - INFO - Loading cookies from previous session...
2025-05-11 21:35:31,488 - INFO - Scraping page 1: https://www.naukri.com/data-analyst-jobs-1?k=data%20analyst&experience=3&cityTypeGid=9508
2025-05-11 21:35:39,578 - INFO - Cookies saved for future sessions.
2025-05-11 21:35:39,598 - WARNING - CAPTCHA or login page detected. Saving page source as 'captcha_page.html'.
2025-05-11 21:35:39,599 - ERROR - Error during scraping: Blocked by CAPTCHA or login. Check 'captcha_page.html'.
2025-05-11 21:35:39,599 - INFO - Suggestions:
2025-05-11 21:35:39,599 - INFO - - If CAPTCHA/login detected, open 'captcha_page.html' in a browser, solve it, then rerun the script.
2025-05-11 21:35:39,599 - INFO - - Wait 24 hours or use a different network (e.g., mobile hotspot).
2025-05-11 21:35:39,599 - INFO - - If no jobs found, check 'page_source.html' to verify the URL returns job listings.
2025-05-11 21:35:41,725 - INFO - WebDriver closed.
2025-05-11 21:35:41,726 - INFO - Total jobs scraped: 0
2025-05-11 21:37:09,216 - INFO - Loading cookies from previous session...
2025-05-11 21:37:12,428 - INFO - Scraping page 1: https://www.naukri.com/data-analyst-jobs-1?k=data%20analyst&experience=3&cityTypeGid=9508
2025-05-11 21:37:20,596 - INFO - Cookies saved for future sessions.
2025-05-11 21:37:20,618 - WARNING - CAPTCHA or login page detected. Saving page source as 'captcha_page.html'.
2025-05-11 21:37:20,620 - INFO - Please open 'captcha_page.html' in a browser, solve the CAPTCHA, then press Enter to continue.
2025-05-11 21:42:32,263 - WARNING - Retrying (Retry(total=2, connect=None, read=None, redirect=None, status=None)) after connection broken by 'ConnectionResetError(10054, 'An existing connection was forcibly closed by the remote host', None, 10054, None)': /session/5e82fb9811cbd9298a40b7f09016a637
2025-05-11 21:42:36,325 - WARNING - Retrying (Retry(total=1, connect=None, read=None, redirect=None, status=None)) after connection broken by 'NewConnectionError('<urllib3.connection.HTTPConnection object at 0x000001F374DAEC30>: Failed to establish a new connection: [WinError 10061] No connection could be made because the target machine actively refused it')': /session/5e82fb9811cbd9298a40b7f09016a637
2025-05-11 21:42:44,542 - INFO - Loading cookies from previous session...
2025-05-11 21:42:48,680 - INFO - Navigating to login page...
2025-05-11 21:42:48,759 - INFO - Entered phone number: 8380887996
2025-05-11 21:42:48,767 - ERROR - Error during scraping: Message: no such element: Unable to locate element: {"method":"xpath","selector":"//button[contains(text(), 'Continue')]"}
  (Session info: chrome=136.0.7103.93); For documentation on this error, please visit: https://www.selenium.dev/documentation/webdriver/troubleshooting/errors#no-such-element-exception
Stacktrace:
	GetHandleVerifier [0x00007FF71A47A145+76773]
	GetHandleVerifier [0x00007FF71A47A1A0+76864]
	(No symbol) [0x00007FF71A238F7A]
	(No symbol) [0x00007FF71A28F496]
	(No symbol) [0x00007FF71A28F74C]
	(No symbol) [0x00007FF71A2E2287]
	(No symbol) [0x00007FF71A2B739F]
	(No symbol) [0x00007FF71A2DF0CF]
	(No symbol) [0x00007FF71A2B7133]
	(No symbol) [0x00007FF71A2804D1]
	(No symbol) [0x00007FF71A281263]
	GetHandleVerifier [0x00007FF71A73A8ED+2962317]
	GetHandleVerifier [0x00007FF71A734EC2+2939234]
	GetHandleVerifier [0x00007FF71A752FF3+3062419]
	GetHandleVerifier [0x00007FF71A494B9A+185914]
	GetHandleVerifier [0x00007FF71A49C78F+217647]
	GetHandleVerifier [0x00007FF71A482A44+111844]
	GetHandleVerifier [0x00007FF71A482BF2+112274]
	GetHandleVerifier [0x00007FF71A468A79+5401]
	BaseThreadInitThunk [0x00007FFCB8BCE8D7+23]
	RtlUserThreadStart [0x00007FFCBA65C5DC+44]

2025-05-11 21:42:48,768 - INFO - Suggestions:
2025-05-11 21:42:48,768 - INFO - - If login fails, verify your phone number and OTP.
2025-05-11 21:42:48,768 - INFO - - If blocked again, wait 24 hours or use a different network (e.g., mobile hotspot).
2025-05-11 21:42:48,769 - INFO - - If no jobs found, check 'page_source.html' to verify the URL returns job listings.
2025-05-11 21:42:50,911 - INFO - WebDriver closed.
2025-05-11 21:44:43,764 - INFO - Scraping page 1: https://www.naukri.com/data-analyst-jobs-1?k=data%20analyst&experience=3&cityTypeGid=9508
2025-05-11 21:44:52,590 - WARNING - CAPTCHA or login page detected. Saving page source as 'captcha_page.html'.
2025-05-11 21:44:52,593 - ERROR - Error during scraping: Blocked by CAPTCHA or login. Check 'captcha_page.html'.
2025-05-11 21:44:52,593 - INFO - Suggestions:
2025-05-11 21:44:52,593 - INFO - - If CAPTCHA/login detected, open 'captcha_page.html' in a browser, solve it, then rerun the script.
2025-05-11 21:44:52,594 - INFO - - Wait 24 hours or use a different network (e.g., mobile hotspot).
2025-05-11 21:44:52,594 - INFO - - If no jobs found, check 'page_source.html' to verify the URL returns job listings.
2025-05-11 21:44:54,703 - INFO - WebDriver closed.
2025-05-11 21:44:54,705 - INFO - Total jobs scraped: 0
2025-05-11 21:44:54,705 - WARNING - No jobs scraped or missing required columns. Skipping filtering and saving.
